<?xml version="1.0" encoding="UTF-8"?>
<!-- Generated by org.testng.reporters.JUnitXMLReporter -->
<testsuite ignored="1" hostname="DESKTOP-1FNEF2A" failures="0" tests="5" name="Test" time="0.166" errors="0" timestamp="2022-09-30T12:40:19 IST">
  <testcase classname="TestNG_TEST.keyword" name="testc" time="0.025"/>
  <testcase classname="TestNG_TEST.keyword" name="testd" time="0.013"/>
  <testcase classname="TestNG_TEST.keyword" name="testa" time="0.003"/>
  <testcase classname="TestNG_TEST.keyword" name="testa" time="0.003"/>
  <testcase classname="TestNG_TEST.keyword" name="testa" time="0.002"/>
  <testcase classname="TestNG_TEST.keyword" name="testb" time="0.0">
    <ignored/>
  </testcase> <!-- testb -->
</testsuite> <!-- Test -->
