<?xml version="1.0" encoding="UTF-8"?>
<!-- Generated by org.testng.reporters.JUnitXMLReporter -->
<testsuite ignored="0" hostname="DESKTOP-1FNEF2A" failures="0" tests="5" name="regression Test" time="0.118" errors="0" timestamp="2022-09-30T13:15:55 IST">
  <testcase classname="TestNG_TEST.test_4" name="m1" time="0.016"/>
  <testcase classname="TestNG_TEST.test_4" name="m2" time="0.003"/>
  <testcase classname="TestNG_TEST.test_4" name="m3" time="0.002"/>
  <testcase classname="TestNG_TEST.test_4" name="m4" time="0.003"/>
  <testcase classname="TestNG_TEST.test_4" name="m5" time="0.002"/>
</testsuite> <!-- regression Test -->
