<?xml version="1.0" encoding="UTF-8"?>
<!-- Generated by org.testng.reporters.JUnitXMLReporter -->
<testsuite ignored="6" hostname="DESKTOP-1FNEF2A" failures="0" tests="2" name="sanityTest" time="0.095" errors="0" timestamp="2022-09-30T13:56:39 IST">
  <testcase classname="TestNG_TEST.test_4" name="m2" time="0.019"/>
  <testcase classname="TestNG_TEST.test_4" name="m4" time="0.002"/>
  <testcase classname="TestNG_TEST.test_4" name="m1" time="0.0">
    <ignored/>
  </testcase> <!-- m1 -->
  <testcase classname="TestNG_TEST.test_4" name="m3" time="0.0">
    <ignored/>
  </testcase> <!-- m3 -->
  <testcase classname="TestNG_TEST.test5" name="a2" time="0.0">
    <ignored/>
  </testcase> <!-- a2 -->
  <testcase classname="TestNG_TEST.test5" name="a3" time="0.0">
    <ignored/>
  </testcase> <!-- a3 -->
  <testcase classname="TestNG_TEST.test5" name="a1" time="0.0">
    <ignored/>
  </testcase> <!-- a1 -->
  <testcase classname="TestNG_TEST.test_4" name="m5" time="0.0">
    <ignored/>
  </testcase> <!-- m5 -->
</testsuite> <!-- sanityTest -->
