<?xml version="1.0" encoding="UTF-8"?>
<!-- Generated by org.testng.reporters.JUnitXMLReporter -->
<testsuite ignored="2" hostname="DESKTOP-1FNEF2A" failures="0" tests="1" name="Test5" time="0.085" errors="0" timestamp="2022-09-30T13:36:08 IST">
  <testcase classname="TestNG_TEST.test5" name="a1" time="0.021"/>
  <testcase classname="TestNG_TEST.test5" name="a2" time="0.0">
    <ignored/>
  </testcase> <!-- a2 -->
  <testcase classname="TestNG_TEST.test5" name="a3" time="0.0">
    <ignored/>
  </testcase> <!-- a3 -->
</testsuite> <!-- Test5 -->
